#-----------------------------------------------------------
# Vivado v2018.2 (64-bit)
# SW Build 2258646 on Thu Jun 14 20:03:12 MDT 2018
# IP Build 2256618 on Thu Jun 14 22:10:49 MDT 2018
# Start of session at: Fri Nov 30 16:25:49 2018
# Process ID: 23560
# Current directory: C:/Users/19081/Desktop/大三秋季学期/计原/thinpad_top-rev.3/thinpad_top-rev.3
# Command line: vivado.exe -gui_launcher_event rodinguilauncherevent27576 C:\Users\19081\Desktop\大三秋季学期\计原\thinpad_top-rev.3\thinpad_top-rev.3\thinpad_top.xpr
# Log file: C:/Users/19081/Desktop/大三秋季学期/计原/thinpad_top-rev.3/thinpad_top-rev.3/vivado.log
# Journal file: C:/Users/19081/Desktop/大三秋季学期/计原/thinpad_top-rev.3/thinpad_top-rev.3\vivado.jou
#-----------------------------------------------------------
start_gui
open_project C:/Users/19081/Desktop/大三秋季学期/计原/thinpad_top-rev.3/thinpad_top-rev.3/thinpad_top.xpr
Scanning sources...
Finished scanning sources
WARNING: [filemgmt 56-3] IPUserFilesDir: Could not find the directory 'C:/Users/19081/Desktop/大三秋季学期/计原/thinpad_top-rev.3/thinpad_top-rev.3/thinpad_top.ip_user_files'.
INFO: [IP_Flow 19-234] Refreshing IP repositories
INFO: [IP_Flow 19-1704] No user IP repositories specified
INFO: [Common 17-41] Interrupt caught. Command should exit soon.
INFO: [IP_Flow 19-2313] Loaded Vivado IP repository 'D:/Xilinx/Vivado/2018.2/data/ip'.
WARNING: [IP_Flow 19-2162] IP 'pll_example' is locked:
* IP definition 'Clocking Wizard (6.0)' for IP 'pll_example' (customized with software release 2018.1) has a different revision in the IP Catalog.
Please select 'Report IP Status' from the 'Tools/Report' menu or run Tcl command 'report_ip_status' for more information.
INFO: [Common 17-344] 'open_project' was cancelled
exit
INFO: [Common 17-206] Exiting Vivado at Fri Nov 30 16:28:14 2018...
