#-----------------------------------------------------------
# Vivado v2018.2 (64-bit)
# SW Build 2258646 on Thu Jun 14 20:03:12 MDT 2018
# IP Build 2256618 on Thu Jun 14 22:10:49 MDT 2018
# Start of session at: Sat Dec  1 21:30:54 2018
# Process ID: 22648
# Current directory: C:/Users/liujiashuo/Desktop/thinpad_top
# Command line: vivado.exe -gui_launcher_event rodinguilauncherevent23136 C:\Users\liujiashuo\Desktop\thinpad_top\thinpad_top.xpr
# Log file: C:/Users/liujiashuo/Desktop/thinpad_top/vivado.log
# Journal file: C:/Users/liujiashuo/Desktop/thinpad_top\vivado.jou
#-----------------------------------------------------------
start_gui
open_project C:/Users/liujiashuo/Desktop/thinpad_top/thinpad_top.xpr
INFO: [Project 1-313] Project file moved from 'D:/2018autumn/organization/thinpad_top' since last save.
Scanning sources...
Finished scanning sources
INFO: [IP_Flow 19-234] Refreshing IP repositories
INFO: [IP_Flow 19-1704] No user IP repositories specified
INFO: [IP_Flow 19-2313] Loaded Vivado IP repository 'C:/Xilinx/Vivado/2018.2/data/ip'.
open_project: Time (s): cpu = 00:00:15 ; elapsed = 00:00:10 . Memory (MB): peak = 753.746 ; gain = 103.180
update_compile_order -fileset sources_1
reset_run synth_1
WARNING: [Vivado 12-1017] Problems encountered:
1. Failed to delete one or more files in run directory C:/Users/liujiashuo/Desktop/thinpad_top/thinpad_top.runs/synth_1

launch_runs synth_1 -jobs 8
[Sat Dec  1 22:00:26 2018] Launched synth_1...
Run output will be captured here: C:/Users/liujiashuo/Desktop/thinpad_top/thinpad_top.runs/synth_1/runme.log
open_run synth_1 -name synth_1
Design is defaulting to impl run constrset: constrs_1
Design is defaulting to synth run part: xc7a100tfgg676-2L
INFO: [Project 1-454] Reading design checkpoint 'c:/Users/liujiashuo/Desktop/thinpad_top/thinpad_top.srcs/sources_1/ip/pll_example/pll_example.dcp' for cell 'clock_gen'
INFO: [Netlist 29-17] Analyzing 566 Unisim elements for replacement
INFO: [Netlist 29-28] Unisim Transformation completed in 0 CPU seconds
INFO: [Project 1-479] Netlist was created with Vivado 2018.2
INFO: [Device 21-403] Loading part xc7a100tfgg676-2L
INFO: [Project 1-570] Preparing netlist for logic optimization
WARNING: [Opt 31-35] Removing redundant IBUF, clock_gen/inst/clkin1_ibufg, from the path connected to top-level port: clk_50M 
Resolution: The tool has removed redundant IBUF. To resolve this warning, check for redundant IBUF in the input design.
WARNING: [Constraints 18-550] Could not create 'IBUF_LOW_PWR' constraint because net 'clock_gen/clk_in1' is not directly connected to top level port. Synthesis is ignored for c:/Users/liujiashuo/Desktop/thinpad_top/thinpad_top.srcs/sources_1/ip/pll_example/pll_example/pll_example.edf but preserved for implementation. [c:/Users/liujiashuo/Desktop/thinpad_top/thinpad_top.srcs/sources_1/ip/pll_example/pll_example/pll_example.edf:337]
Parsing XDC File [c:/Users/liujiashuo/Desktop/thinpad_top/thinpad_top.srcs/sources_1/ip/pll_example/pll_example_board.xdc] for cell 'clock_gen/inst'
Finished Parsing XDC File [c:/Users/liujiashuo/Desktop/thinpad_top/thinpad_top.srcs/sources_1/ip/pll_example/pll_example_board.xdc] for cell 'clock_gen/inst'
Parsing XDC File [c:/Users/liujiashuo/Desktop/thinpad_top/thinpad_top.srcs/sources_1/ip/pll_example/pll_example.xdc] for cell 'clock_gen/inst'
INFO: [Timing 38-35] Done setting XDC timing constraints. [c:/Users/liujiashuo/Desktop/thinpad_top/thinpad_top.srcs/sources_1/ip/pll_example/pll_example.xdc:57]
INFO: [Timing 38-2] Deriving generated clocks [c:/Users/liujiashuo/Desktop/thinpad_top/thinpad_top.srcs/sources_1/ip/pll_example/pll_example.xdc:57]
get_clocks: Time (s): cpu = 00:00:12 ; elapsed = 00:00:14 . Memory (MB): peak = 1667.992 ; gain = 518.422
Finished Parsing XDC File [c:/Users/liujiashuo/Desktop/thinpad_top/thinpad_top.srcs/sources_1/ip/pll_example/pll_example.xdc] for cell 'clock_gen/inst'
Parsing XDC File [C:/Users/liujiashuo/Desktop/thinpad_top/thinpad_top.srcs/constrs_1/new/thinpad_top.xdc]
WARNING: [Vivado 12-507] No nets matched 'clk_11M0592_IBUF'. [C:/Users/liujiashuo/Desktop/thinpad_top/thinpad_top.srcs/constrs_1/new/thinpad_top.xdc:4]
CRITICAL WARNING: [Common 17-55] 'set_property' expects at least one object. [C:/Users/liujiashuo/Desktop/thinpad_top/thinpad_top.srcs/constrs_1/new/thinpad_top.xdc:4]
Resolution: If [get_<value>] was used to populate the object, check to make sure this command returns at least one valid object.
WARNING: [Vivado 12-507] No nets matched 'clock_btn_IBUF'. [C:/Users/liujiashuo/Desktop/thinpad_top/thinpad_top.srcs/constrs_1/new/thinpad_top.xdc:18]
CRITICAL WARNING: [Common 17-55] 'set_property' expects at least one object. [C:/Users/liujiashuo/Desktop/thinpad_top/thinpad_top.srcs/constrs_1/new/thinpad_top.xdc:18]
Resolution: If [get_<value>] was used to populate the object, check to make sure this command returns at least one valid object.
Finished Parsing XDC File [C:/Users/liujiashuo/Desktop/thinpad_top/thinpad_top.srcs/constrs_1/new/thinpad_top.xdc]
INFO: [Opt 31-138] Pushed 0 inverter(s) to 0 load pin(s).
INFO: [Project 1-111] Unisim Transformation Summary:
  A total of 64 instances were transformed.
  IOBUF => IOBUF (IBUF, OBUFT): 64 instances

open_run: Time (s): cpu = 00:00:30 ; elapsed = 00:00:27 . Memory (MB): peak = 1729.402 ; gain = 932.773
create_debug_core u_ila_0 ila
set_property C_DATA_DEPTH 1024 [get_debug_cores u_ila_0]
set_property C_TRIGIN_EN false [get_debug_cores u_ila_0]
set_property C_TRIGOUT_EN false [get_debug_cores u_ila_0]
set_property C_ADV_TRIGGER false [get_debug_cores u_ila_0]
set_property C_INPUT_PIPE_STAGES 0 [get_debug_cores u_ila_0]
set_property C_EN_STRG_QUAL false [get_debug_cores u_ila_0]
set_property ALL_PROBE_SAME_MU true [get_debug_cores u_ila_0]
set_property ALL_PROBE_SAME_MU_CNT 1 [get_debug_cores u_ila_0]
create_debug_core u_ila_1 ila
set_property C_DATA_DEPTH 1024 [get_debug_cores u_ila_1]
set_property C_TRIGIN_EN false [get_debug_cores u_ila_1]
set_property C_TRIGOUT_EN false [get_debug_cores u_ila_1]
set_property C_ADV_TRIGGER false [get_debug_cores u_ila_1]
set_property C_INPUT_PIPE_STAGES 0 [get_debug_cores u_ila_1]
set_property C_EN_STRG_QUAL false [get_debug_cores u_ila_1]
set_property ALL_PROBE_SAME_MU true [get_debug_cores u_ila_1]
set_property ALL_PROBE_SAME_MU_CNT 1 [get_debug_cores u_ila_1]
create_debug_core u_ila_2 ila
set_property C_DATA_DEPTH 1024 [get_debug_cores u_ila_2]
set_property C_TRIGIN_EN false [get_debug_cores u_ila_2]
set_property C_TRIGOUT_EN false [get_debug_cores u_ila_2]
set_property C_ADV_TRIGGER false [get_debug_cores u_ila_2]
set_property C_INPUT_PIPE_STAGES 0 [get_debug_cores u_ila_2]
set_property C_EN_STRG_QUAL false [get_debug_cores u_ila_2]
set_property ALL_PROBE_SAME_MU true [get_debug_cores u_ila_2]
set_property ALL_PROBE_SAME_MU_CNT 1 [get_debug_cores u_ila_2]
set_property port_width 1 [get_debug_ports u_ila_0/clk]
connect_debug_port u_ila_0/clk [get_nets [list clock_gen/inst/clk_out2 ]]
set_property port_width 1 [get_debug_ports u_ila_1/clk]
connect_debug_port u_ila_1/clk [get_nets [list mmu_memory_version1/n_4_114_BUFG ]]
set_property port_width 1 [get_debug_ports u_ila_2/clk]
connect_debug_port u_ila_2/clk [get_nets [list clock_gen/inst/clk_out1 ]]
set_property port_width 8 [get_debug_ports u_ila_0/probe0]
set_property PROBE_TYPE DATA_AND_TRIGGER [get_debug_ports u_ila_0/probe0]
connect_debug_port u_ila_0/probe0 [get_nets [list {mmu_memory_version1/directUart/ext_uart_rx[0]} {mmu_memory_version1/directUart/ext_uart_rx[1]} {mmu_memory_version1/directUart/ext_uart_rx[2]} {mmu_memory_version1/directUart/ext_uart_rx[3]} {mmu_memory_version1/directUart/ext_uart_rx[4]} {mmu_memory_version1/directUart/ext_uart_rx[5]} {mmu_memory_version1/directUart/ext_uart_rx[6]} {mmu_memory_version1/directUart/ext_uart_rx[7]} ]]
create_debug_port u_ila_0 probe
set_property port_width 8 [get_debug_ports u_ila_0/probe1]
set_property PROBE_TYPE DATA_AND_TRIGGER [get_debug_ports u_ila_0/probe1]
connect_debug_port u_ila_0/probe1 [get_nets [list {mmu_memory_version1/directUart/ext_uart_tx[0]} {mmu_memory_version1/directUart/ext_uart_tx[1]} {mmu_memory_version1/directUart/ext_uart_tx[2]} {mmu_memory_version1/directUart/ext_uart_tx[3]} {mmu_memory_version1/directUart/ext_uart_tx[4]} {mmu_memory_version1/directUart/ext_uart_tx[5]} {mmu_memory_version1/directUart/ext_uart_tx[6]} {mmu_memory_version1/directUart/ext_uart_tx[7]} ]]
create_debug_port u_ila_0 probe
set_property port_width 1 [get_debug_ports u_ila_0/probe2]
set_property PROBE_TYPE DATA_AND_TRIGGER [get_debug_ports u_ila_0/probe2]
connect_debug_port u_ila_0/probe2 [get_nets [list mmu_memory_version1/directUart/ext_uart_busy ]]
create_debug_port u_ila_0 probe
set_property port_width 1 [get_debug_ports u_ila_0/probe3]
set_property PROBE_TYPE DATA_AND_TRIGGER [get_debug_ports u_ila_0/probe3]
connect_debug_port u_ila_0/probe3 [get_nets [list mmu_memory_version1/directUart/ext_uart_ready ]]
set_property port_width 32 [get_debug_ports u_ila_1/probe0]
set_property PROBE_TYPE DATA_AND_TRIGGER [get_debug_ports u_ila_1/probe0]
connect_debug_port u_ila_1/probe0 [get_nets [list {inst[0]} {inst[1]} {inst[2]} {inst[3]} {inst[4]} {inst[5]} {inst[6]} {inst[7]} {inst[8]} {inst[9]} {inst[10]} {inst[11]} {inst[12]} {inst[13]} {inst[14]} {inst[15]} {inst[16]} {inst[17]} {inst[18]} {inst[19]} {inst[20]} {inst[21]} {inst[22]} {inst[23]} {inst[24]} {inst[25]} {inst[26]} {inst[27]} {inst[28]} {inst[29]} {inst[30]} {inst[31]} ]]
set_property port_width 32 [get_debug_ports u_ila_2/probe0]
set_property PROBE_TYPE DATA_AND_TRIGGER [get_debug_ports u_ila_2/probe0]
connect_debug_port u_ila_2/probe0 [get_nets [list {inst_addr[0]} {inst_addr[1]} {inst_addr[2]} {inst_addr[3]} {inst_addr[4]} {inst_addr[5]} {inst_addr[6]} {inst_addr[7]} {inst_addr[8]} {inst_addr[9]} {inst_addr[10]} {inst_addr[11]} {inst_addr[12]} {inst_addr[13]} {inst_addr[14]} {inst_addr[15]} {inst_addr[16]} {inst_addr[17]} {inst_addr[18]} {inst_addr[19]} {inst_addr[20]} {inst_addr[21]} {inst_addr[22]} {inst_addr[23]} {inst_addr[24]} {inst_addr[25]} {inst_addr[26]} {inst_addr[27]} {inst_addr[28]} {inst_addr[29]} {inst_addr[30]} {inst_addr[31]} ]]
save_constraints
launch_runs impl_1 -jobs 8
INFO: [Timing 38-480] Writing timing data to binary archive.
Writing placer database...
Writing XDEF routing.
Writing XDEF routing logical nets.
Writing XDEF routing special nets.
Write XDEF Complete: Time (s): cpu = 00:00:00 ; elapsed = 00:00:00.094 . Memory (MB): peak = 1805.699 ; gain = 3.313
[Sat Dec  1 22:04:14 2018] Launched impl_1...
Run output will be captured here: C:/Users/liujiashuo/Desktop/thinpad_top/thinpad_top.runs/impl_1/runme.log
launch_runs impl_1 -to_step write_bitstream -jobs 8
[Sat Dec  1 22:10:21 2018] Launched impl_1...
Run output will be captured here: C:/Users/liujiashuo/Desktop/thinpad_top/thinpad_top.runs/impl_1/runme.log
open_hw
connect_hw_server
INFO: [Labtools 27-2285] Connecting to hw_server url TCP:localhost:3121
INFO: [Labtools 27-2222] Launching hw_server...
INFO: [Labtools 27-2221] Launch Output:

****** Xilinx hw_server v2018.2
  **** Build date : Jun 14 2018-20:42:52
    ** Copyright 1986-2018 Xilinx, Inc. All Rights Reserved.


open_hw_target -xvc_url 192.168.8.8:2542
INFO: [Labtools 27-2285] Connecting to hw_server url TCP:localhost:3121
INFO: [Labtoolstcl 44-466] Opening hw_target localhost:3121/xilinx_tcf/Xilinx/192.168.8.8:2542
refresh_hw_device [lindex [get_hw_devices xc7a100t_0] 0]
INFO: [Labtools 27-2302] Device xc7a100t (JTAG device index = 0) is programmed with a design that has 3 ILA core(s).
WARNING: [Labtools 27-1347] Unable to find Debug Probes file []. Please update hw_device property [PROBES.FILE]
 Update of hw_probe objects, will be skipped.
WARNING: [Labtools 27-1974] Mismatch between the design programmed into the device xc7a100t_0 and the probes file(s) .
The device design has 3 ILA core(s) and 0 VIO core(s). 0 ILA core(s) and 0 VIO core(s) are matched in the probes file(s).
Resolution: 
1. Reprogram device with the correct programming file and associated probes file(s) OR
2. Goto device properties and associate the correct probes file(s) with the programming file already programmed in the device.
refresh_hw_device: Time (s): cpu = 00:00:08 ; elapsed = 00:00:05 . Memory (MB): peak = 2456.711 ; gain = 6.012
set_property PROBES.FILE {C:/Users/liujiashuo/Desktop/thinpad_top/thinpad_top.runs/impl_1/thinpad_top.ltx} [get_hw_devices xc7a100t_0]
set_property FULL_PROBES.FILE {C:/Users/liujiashuo/Desktop/thinpad_top/thinpad_top.runs/impl_1/thinpad_top.ltx} [get_hw_devices xc7a100t_0]
set_property PROGRAM.FILE {C:/Users/liujiashuo/Desktop/thinpad_top/thinpad_top.runs/impl_1/thinpad_top.bit} [get_hw_devices xc7a100t_0]
program_hw_devices [get_hw_devices xc7a100t_0]
INFO: [Labtools 27-3164] End of startup status: HIGH
program_hw_devices: Time (s): cpu = 00:00:09 ; elapsed = 00:00:08 . Memory (MB): peak = 2468.645 ; gain = 0.000
refresh_hw_device [lindex [get_hw_devices xc7a100t_0] 0]
INFO: [Labtools 27-2302] Device xc7a100t (JTAG device index = 0) is programmed with a design that has 3 ILA core(s).
display_hw_ila_data [ get_hw_ila_data hw_ila_data_1 -of_objects [get_hw_ilas -of_objects [get_hw_devices xc7a100t_0] -filter {CELL_NAME=~"u_ila_0"}]]
INFO: [Labtools 27-3304] ILA Waveform data saved to file C:/Users/liujiashuo/Desktop/thinpad_top/thinpad_top.hw/backup/hw_ila_data_1.ila. Use Tcl command 'read_hw_ila_data' or Vivado File->Import->Import ILA Data menu item to import the previously saved data.
display_hw_ila_data [ get_hw_ila_data hw_ila_data_2 -of_objects [get_hw_ilas -of_objects [get_hw_devices xc7a100t_0] -filter {CELL_NAME=~"u_ila_1"}]]
INFO: [Labtools 27-3304] ILA Waveform data saved to file C:/Users/liujiashuo/Desktop/thinpad_top/thinpad_top.hw/backup/hw_ila_data_2.ila. Use Tcl command 'read_hw_ila_data' or Vivado File->Import->Import ILA Data menu item to import the previously saved data.
display_hw_ila_data [ get_hw_ila_data hw_ila_data_3 -of_objects [get_hw_ilas -of_objects [get_hw_devices xc7a100t_0] -filter {CELL_NAME=~"u_ila_2"}]]
INFO: [Labtools 27-3304] ILA Waveform data saved to file C:/Users/liujiashuo/Desktop/thinpad_top/thinpad_top.hw/backup/hw_ila_data_3.ila. Use Tcl command 'read_hw_ila_data' or Vivado File->Import->Import ILA Data menu item to import the previously saved data.
run_hw_ila [get_hw_ilas -of_objects [get_hw_devices xc7a100t_0] -filter {CELL_NAME=~"u_ila_2"}]
INFO: [Labtools 27-1964] The ILA core 'hw_ila_3' trigger was armed at 2018-Dec-01 22:35:39
run_hw_ila [get_hw_ilas -of_objects [get_hw_devices xc7a100t_0] -filter {CELL_NAME=~"u_ila_2"}]
INFO: [Labtools 27-1964] The ILA core 'hw_ila_3' trigger was armed at 2018-Dec-01 22:36:01
run_hw_ila [get_hw_ilas -of_objects [get_hw_devices xc7a100t_0] -filter {CELL_NAME=~"u_ila_2"}]
INFO: [Labtools 27-1964] The ILA core 'hw_ila_3' trigger was armed at 2018-Dec-01 22:36:03
run_hw_ila [get_hw_ilas -of_objects [get_hw_devices xc7a100t_0] -filter {CELL_NAME=~"u_ila_2"}]
INFO: [Labtools 27-1964] The ILA core 'hw_ila_3' trigger was armed at 2018-Dec-01 22:36:12
run_hw_ila [get_hw_ilas -of_objects [get_hw_devices xc7a100t_0] -filter {CELL_NAME=~"u_ila_2"}]
INFO: [Labtools 27-1964] The ILA core 'hw_ila_3' trigger was armed at 2018-Dec-01 22:36:13
run_hw_ila [get_hw_ilas -of_objects [get_hw_devices xc7a100t_0] -filter {CELL_NAME=~"u_ila_2"}]
INFO: [Labtools 27-1964] The ILA core 'hw_ila_3' trigger was armed at 2018-Dec-01 22:36:14
run_hw_ila [get_hw_ilas -of_objects [get_hw_devices xc7a100t_0] -filter {CELL_NAME=~"u_ila_2"}]
INFO: [Labtools 27-1964] The ILA core 'hw_ila_3' trigger was armed at 2018-Dec-01 22:36:18
run_hw_ila [get_hw_ilas -of_objects [get_hw_devices xc7a100t_0] -filter {CELL_NAME=~"u_ila_2"}] -trigger_now
INFO: [Labtools 27-1964] The ILA core 'hw_ila_3' trigger was armed at 2018-Dec-01 22:36:29
run_hw_ila [get_hw_ilas -of_objects [get_hw_devices xc7a100t_0] -filter {CELL_NAME=~"u_ila_2"}] -trigger_now
INFO: [Labtools 27-1964] The ILA core 'hw_ila_3' trigger was armed at 2018-Dec-01 22:36:30
run_hw_ila [get_hw_ilas -of_objects [get_hw_devices xc7a100t_0] -filter {CELL_NAME=~"u_ila_2"}] -trigger_now
INFO: [Labtools 27-1964] The ILA core 'hw_ila_3' trigger was armed at 2018-Dec-01 22:36:31
run_hw_ila [get_hw_ilas -of_objects [get_hw_devices xc7a100t_0] -filter {CELL_NAME=~"u_ila_2"}] -trigger_now
INFO: [Labtools 27-1964] The ILA core 'hw_ila_3' trigger was armed at 2018-Dec-01 22:36:33
run_hw_ila [get_hw_ilas -of_objects [get_hw_devices xc7a100t_0] -filter {CELL_NAME=~"u_ila_2"}]
INFO: [Labtools 27-1964] The ILA core 'hw_ila_3' trigger was armed at 2018-Dec-01 22:36:37
add_wave -into {hw_ila_data_3.wcfg} -radix hex { {inst_addr} }
run_hw_ila [get_hw_ilas -of_objects [get_hw_devices xc7a100t_0] -filter {CELL_NAME=~"u_ila_1"}]
INFO: [Labtools 27-1964] The ILA core 'hw_ila_2' trigger was armed at 2018-Dec-01 22:36:56
run_hw_ila [get_hw_ilas -of_objects [get_hw_devices xc7a100t_0] -filter {CELL_NAME=~"u_ila_1"}] -trigger_now
ERROR: [Labtools 27-3428] Ila core [hw_ila_2] clock has stopped. Unable to arm ILA core.
run_hw_ila [get_hw_ilas -of_objects [get_hw_devices xc7a100t_0] -filter {CELL_NAME=~"u_ila_0"}] -trigger_now
INFO: [Labtools 27-1964] The ILA core 'hw_ila_1' trigger was armed at 2018-Dec-01 22:37:11
run_hw_ila [get_hw_ilas -of_objects [get_hw_devices xc7a100t_0] -filter {CELL_NAME=~"u_ila_0"}] -trigger_now
INFO: [Labtools 27-1964] The ILA core 'hw_ila_1' trigger was armed at 2018-Dec-01 22:37:13
save_wave_config {C:/Users/liujiashuo/Desktop/thinpad_top/thinpad_top.hw/hw_1/wave/hw_ila_data_1/hw_ila_data_1.wcfg}
save_wave_config {C:/Users/liujiashuo/Desktop/thinpad_top/thinpad_top.hw/hw_1/wave/hw_ila_data_2/hw_ila_data_2.wcfg}
save_wave_config {C:/Users/liujiashuo/Desktop/thinpad_top/thinpad_top.hw/hw_1/wave/hw_ila_data_3/hw_ila_data_3.wcfg}
close_project
****** Webtalk v2018.2 (64-bit)
  **** SW Build 2258646 on Thu Jun 14 20:03:12 MDT 2018
  **** IP Build 2256618 on Thu Jun 14 22:10:49 MDT 2018
    ** Copyright 1986-2018 Xilinx, Inc. All Rights Reserved.

source C:/Users/liujiashuo/Desktop/thinpad_top/thinpad_top.hw/webtalk/labtool_webtalk.tcl -notrace
INFO: [Common 17-186] 'C:/Users/liujiashuo/Desktop/thinpad_top/thinpad_top.hw/webtalk/usage_statistics_ext_labtool.xml' has been successfully sent to Xilinx on Sat Dec  1 22:37:30 2018. For additional details about this file, please refer to the WebTalk help file at C:/Xilinx/Vivado/2018.2/doc/webtalk_introduction.html.
webtalk_transmit: Time (s): cpu = 00:00:00 ; elapsed = 00:00:07 . Memory (MB): peak = 55.484 ; gain = 1.293
INFO: [Common 17-206] Exiting Webtalk at Sat Dec  1 22:37:30 2018...
close_project: Time (s): cpu = 00:00:03 ; elapsed = 00:00:10 . Memory (MB): peak = 2471.609 ; gain = 0.215
open_project C:/Users/liujiashuo/Desktop/thinpad_top/thinpad_top.xpr
Scanning sources...
Finished scanning sources
INFO: [IP_Flow 19-234] Refreshing IP repositories
INFO: [IP_Flow 19-1704] No user IP repositories specified
INFO: [IP_Flow 19-2313] Loaded Vivado IP repository 'C:/Xilinx/Vivado/2018.2/data/ip'.
update_compile_order -fileset sources_1
open_hw
connect_hw_server
INFO: [Labtools 27-2285] Connecting to hw_server url TCP:localhost:3121
refresh_hw_server {localhost:3121}
WARNING: [Labtoolstcl 44-27] No hardware targets exist on the server [localhost:3121]
Check to make sure the cable targets connected to this machine are properly connected
and powered up, then use the refresh_hw_server command to re-register the hardware targets.
open_hw_target -xvc_url 192.168.8.8:2542
INFO: [Labtools 27-2285] Connecting to hw_server url TCP:localhost:3121
INFO: [Labtoolstcl 44-466] Opening hw_target localhost:3121/xilinx_tcf/Xilinx/192.168.8.8:2542
refresh_hw_device [lindex [get_hw_devices xc7a100t_0] 0]
INFO: [Labtools 27-2302] Device xc7a100t (JTAG device index = 0) is programmed with a design that has 3 ILA core(s).
refresh_hw_device: Time (s): cpu = 00:00:08 ; elapsed = 00:00:05 . Memory (MB): peak = 2491.246 ; gain = 19.637
display_hw_ila_data [ get_hw_ila_data hw_ila_data_1 -of_objects [get_hw_ilas -of_objects [get_hw_devices xc7a100t_0] -filter {CELL_NAME=~"u_ila_0"}]]
INFO: [Labtools 27-3304] ILA Waveform data saved to file C:/Users/liujiashuo/Desktop/thinpad_top/thinpad_top.hw/backup/hw_ila_data_1.ila. Use Tcl command 'read_hw_ila_data' or Vivado File->Import->Import ILA Data menu item to import the previously saved data.
display_hw_ila_data [ get_hw_ila_data hw_ila_data_2 -of_objects [get_hw_ilas -of_objects [get_hw_devices xc7a100t_0] -filter {CELL_NAME=~"u_ila_1"}]]
INFO: [Labtools 27-3304] ILA Waveform data saved to file C:/Users/liujiashuo/Desktop/thinpad_top/thinpad_top.hw/backup/hw_ila_data_2.ila. Use Tcl command 'read_hw_ila_data' or Vivado File->Import->Import ILA Data menu item to import the previously saved data.
display_hw_ila_data [ get_hw_ila_data hw_ila_data_3 -of_objects [get_hw_ilas -of_objects [get_hw_devices xc7a100t_0] -filter {CELL_NAME=~"u_ila_2"}]]
INFO: [Labtools 27-3304] ILA Waveform data saved to file C:/Users/liujiashuo/Desktop/thinpad_top/thinpad_top.hw/backup/hw_ila_data_3.ila. Use Tcl command 'read_hw_ila_data' or Vivado File->Import->Import ILA Data menu item to import the previously saved data.
run_hw_ila [get_hw_ilas -of_objects [get_hw_devices xc7a100t_0] -filter {CELL_NAME=~"u_ila_0"}] -trigger_now
INFO: [Labtools 27-1964] The ILA core 'hw_ila_1' trigger was armed at 2018-Dec-01 22:38:34
run_hw_ila [get_hw_ilas -of_objects [get_hw_devices xc7a100t_0] -filter {CELL_NAME=~"u_ila_1"}] -trigger_now
INFO: [Labtools 27-1964] The ILA core 'hw_ila_2' trigger was armed at 2018-Dec-01 22:38:36
run_hw_ila [get_hw_ilas -of_objects [get_hw_devices xc7a100t_0] -filter {CELL_NAME=~"u_ila_2"}] -trigger_now
INFO: [Labtools 27-1964] The ILA core 'hw_ila_3' trigger was armed at 2018-Dec-01 22:38:37
open_run synth_1 -name synth_1
Design is defaulting to impl run constrset: constrs_1
Design is defaulting to synth run part: xc7a100tfgg676-2L
INFO: [Project 1-454] Reading design checkpoint 'c:/Users/liujiashuo/Desktop/thinpad_top/thinpad_top.srcs/sources_1/ip/pll_example/pll_example.dcp' for cell 'clock_gen'
INFO: [Netlist 29-17] Analyzing 566 Unisim elements for replacement
INFO: [Netlist 29-28] Unisim Transformation completed in 0 CPU seconds
INFO: [Project 1-479] Netlist was created with Vivado 2018.2
INFO: [Project 1-570] Preparing netlist for logic optimization
WARNING: [Opt 31-35] Removing redundant IBUF, clock_gen/inst/clkin1_ibufg, from the path connected to top-level port: clk_50M 
Resolution: The tool has removed redundant IBUF. To resolve this warning, check for redundant IBUF in the input design.
WARNING: [Constraints 18-550] Could not create 'IBUF_LOW_PWR' constraint because net 'clock_gen/clk_in1' is not directly connected to top level port. Synthesis is ignored for c:/Users/liujiashuo/Desktop/thinpad_top/thinpad_top.srcs/sources_1/ip/pll_example/pll_example/pll_example.edf but preserved for implementation. [c:/Users/liujiashuo/Desktop/thinpad_top/thinpad_top.srcs/sources_1/ip/pll_example/pll_example/pll_example.edf:337]
Parsing XDC File [c:/Users/liujiashuo/Desktop/thinpad_top/thinpad_top.srcs/sources_1/ip/pll_example/pll_example_board.xdc] for cell 'clock_gen/inst'
Finished Parsing XDC File [c:/Users/liujiashuo/Desktop/thinpad_top/thinpad_top.srcs/sources_1/ip/pll_example/pll_example_board.xdc] for cell 'clock_gen/inst'
Parsing XDC File [c:/Users/liujiashuo/Desktop/thinpad_top/thinpad_top.srcs/sources_1/ip/pll_example/pll_example.xdc] for cell 'clock_gen/inst'
INFO: [Timing 38-35] Done setting XDC timing constraints. [c:/Users/liujiashuo/Desktop/thinpad_top/thinpad_top.srcs/sources_1/ip/pll_example/pll_example.xdc:57]
INFO: [Timing 38-2] Deriving generated clocks [c:/Users/liujiashuo/Desktop/thinpad_top/thinpad_top.srcs/sources_1/ip/pll_example/pll_example.xdc:57]
Finished Parsing XDC File [c:/Users/liujiashuo/Desktop/thinpad_top/thinpad_top.srcs/sources_1/ip/pll_example/pll_example.xdc] for cell 'clock_gen/inst'
Parsing XDC File [C:/Users/liujiashuo/Desktop/thinpad_top/thinpad_top.srcs/constrs_1/new/thinpad_top.xdc]
WARNING: [Vivado 12-507] No nets matched 'clk_11M0592_IBUF'. [C:/Users/liujiashuo/Desktop/thinpad_top/thinpad_top.srcs/constrs_1/new/thinpad_top.xdc:4]
CRITICAL WARNING: [Common 17-55] 'set_property' expects at least one object. [C:/Users/liujiashuo/Desktop/thinpad_top/thinpad_top.srcs/constrs_1/new/thinpad_top.xdc:4]
Resolution: If [get_<value>] was used to populate the object, check to make sure this command returns at least one valid object.
WARNING: [Vivado 12-507] No nets matched 'clock_btn_IBUF'. [C:/Users/liujiashuo/Desktop/thinpad_top/thinpad_top.srcs/constrs_1/new/thinpad_top.xdc:18]
CRITICAL WARNING: [Common 17-55] 'set_property' expects at least one object. [C:/Users/liujiashuo/Desktop/thinpad_top/thinpad_top.srcs/constrs_1/new/thinpad_top.xdc:18]
Resolution: If [get_<value>] was used to populate the object, check to make sure this command returns at least one valid object.
Finished Parsing XDC File [C:/Users/liujiashuo/Desktop/thinpad_top/thinpad_top.srcs/constrs_1/new/thinpad_top.xdc]
INFO: [Opt 31-138] Pushed 0 inverter(s) to 0 load pin(s).
INFO: [Project 1-111] Unisim Transformation Summary:
  A total of 64 instances were transformed.
  IOBUF => IOBUF (IBUF, OBUFT): 64 instances

open_run: Time (s): cpu = 00:00:09 ; elapsed = 00:00:05 . Memory (MB): peak = 2527.520 ; gain = 36.273
save_wave_config {C:/Users/liujiashuo/Desktop/thinpad_top/thinpad_top.hw/hw_1/wave/hw_ila_data_1/hw_ila_data_1.wcfg}
save_wave_config {C:/Users/liujiashuo/Desktop/thinpad_top/thinpad_top.hw/hw_1/wave/hw_ila_data_2/hw_ila_data_2.wcfg}
save_wave_config {C:/Users/liujiashuo/Desktop/thinpad_top/thinpad_top.hw/hw_1/wave/hw_ila_data_3/hw_ila_data_3.wcfg}
close_hw_target {localhost:3121/xilinx_tcf/Xilinx/192.168.8.8:2542}
INFO: [Labtoolstcl 44-464] Closing hw_target localhost:3121/xilinx_tcf/Xilinx/192.168.8.8:2542
exit
INFO: [Common 17-206] Exiting Vivado at Sat Dec  1 22:48:39 2018...
