Copyright 1986-2018 Xilinx, Inc. All Rights Reserved.
-----------------------------------------------------------------------------------------------------------------------------------------------------------------------------------------
| Tool Version : Vivado v.2018.2 (win64) Build 2258646 Thu Jun 14 20:03:12 MDT 2018
| Date         : Sun Nov 18 22:52:09 2018
| Host         : DESKTOP-N6B5F4R running 64-bit major release  (build 9200)
| Command      : report_methodology -file openmips_min_sopc_methodology_drc_routed.rpt -pb openmips_min_sopc_methodology_drc_routed.pb -rpx openmips_min_sopc_methodology_drc_routed.rpx
| Design       : openmips_min_sopc
| Device       : xc7a100tfgg676-2L
| Speed File   : -2L
| Design State : Routed
-----------------------------------------------------------------------------------------------------------------------------------------------------------------------------------------

Report Methodology

Table of Contents
-----------------
1. REPORT SUMMARY
2. REPORT DETAILS

1. REPORT SUMMARY
-----------------
            Netlist: netlist
          Floorplan: design_1
      Design limits: <entire design considered>
             Max violations: <unlimited>
             Violations found: 0
+------+----------+-------------+------------+
| Rule | Severity | Description | Violations |
+------+----------+-------------+------------+
+------+----------+-------------+------------+

2. REPORT DETAILS
-----------------

